This is pdfTeX, Version 3.1415926-2.4-1.40.13 (TeX Live 2012/Debian) (format=pdflatex 2015.4.15)  15 APR 2015 18:05
entering extended mode
 restricted \write18 enabled.
 %&-line parsing enabled.
**thesis.tex
(./thesis.tex
LaTeX2e <2011/06/27>
Babel <v3.8m> and hyphenation patterns for english, dumylang, nohyphenation, th
ai, loaded.
(/usr/share/texlive/texmf-dist/tex/latex/base/report.cls
Document Class: report 2007/10/19 v1.4h Standard LaTeX document class
(/usr/share/texlive/texmf-dist/tex/latex/base/size12.clo
File: size12.clo 2007/10/19 v1.4h Standard LaTeX file (size option)
)
\c@part=\count79
\c@chapter=\count80
\c@section=\count81
\c@subsection=\count82
\c@subsubsection=\count83
\c@paragraph=\count84
\c@subparagraph=\count85
\c@figure=\count86
\c@table=\count87
\abovecaptionskip=\skip41
\belowcaptionskip=\skip42
\bibindent=\dimen102
)
(/usr/share/texlive/texmf-dist/tex/latex/algorithmicx/algpseudocode.sty
Package: algpseudocode 

(/usr/share/texlive/texmf-dist/tex/latex/base/ifthen.sty
Package: ifthen 2001/05/26 v1.1c Standard LaTeX ifthen package (DPC)
)
(/usr/share/texlive/texmf-dist/tex/latex/algorithmicx/algorithmicx.sty
Package: algorithmicx 2005/04/27 v1.2 Algorithmicx

Document Style algorithmicx 1.2 - a greatly improved `algorithmic' style
\c@ALG@line=\count88
\c@ALG@rem=\count89
\c@ALG@nested=\count90
\ALG@tlm=\skip43
\ALG@thistlm=\skip44
\c@ALG@Lnr=\count91
\c@ALG@blocknr=\count92
\c@ALG@storecount=\count93
\c@ALG@tmpcounter=\count94
\ALG@tmplength=\skip45
)
Document Style - pseudocode environments for use with the `algorithmicx' style
) (/usr/share/texlive/texmf-dist/tex/latex/amsmath/amsmath.sty
Package: amsmath 2000/07/18 v2.13 AMS math features
\@mathmargin=\skip46

For additional information on amsmath, use the `?' option.
(/usr/share/texlive/texmf-dist/tex/latex/amsmath/amstext.sty
Package: amstext 2000/06/29 v2.01

(/usr/share/texlive/texmf-dist/tex/latex/amsmath/amsgen.sty
File: amsgen.sty 1999/11/30 v2.0
\@emptytoks=\toks14
\ex@=\dimen103
))
(/usr/share/texlive/texmf-dist/tex/latex/amsmath/amsbsy.sty
Package: amsbsy 1999/11/29 v1.2d
\pmbraise@=\dimen104
)
(/usr/share/texlive/texmf-dist/tex/latex/amsmath/amsopn.sty
Package: amsopn 1999/12/14 v2.01 operator names
)
\inf@bad=\count95
LaTeX Info: Redefining \frac on input line 211.
\uproot@=\count96
\leftroot@=\count97
LaTeX Info: Redefining \overline on input line 307.
\classnum@=\count98
\DOTSCASE@=\count99
LaTeX Info: Redefining \ldots on input line 379.
LaTeX Info: Redefining \dots on input line 382.
LaTeX Info: Redefining \cdots on input line 467.
\Mathstrutbox@=\box26
\strutbox@=\box27
\big@size=\dimen105
LaTeX Font Info:    Redeclaring font encoding OML on input line 567.
LaTeX Font Info:    Redeclaring font encoding OMS on input line 568.
\macc@depth=\count100
\c@MaxMatrixCols=\count101
\dotsspace@=\muskip10
\c@parentequation=\count102
\dspbrk@lvl=\count103
\tag@help=\toks15
\row@=\count104
\column@=\count105
\maxfields@=\count106
\andhelp@=\toks16
\eqnshift@=\dimen106
\alignsep@=\dimen107
\tagshift@=\dimen108
\tagwidth@=\dimen109
\totwidth@=\dimen110
\lineht@=\dimen111
\@envbody=\toks17
\multlinegap=\skip47
\multlinetaggap=\skip48
\mathdisplay@stack=\toks18
LaTeX Info: Redefining \[ on input line 2666.
LaTeX Info: Redefining \] on input line 2667.
)
(/usr/share/texlive/texmf-dist/tex/latex/graphics/graphicx.sty
Package: graphicx 1999/02/16 v1.0f Enhanced LaTeX Graphics (DPC,SPQR)

(/usr/share/texlive/texmf-dist/tex/latex/graphics/keyval.sty
Package: keyval 1999/03/16 v1.13 key=value parser (DPC)
\KV@toks@=\toks19
)
(/usr/share/texlive/texmf-dist/tex/latex/graphics/graphics.sty
Package: graphics 2009/02/05 v1.0o Standard LaTeX Graphics (DPC,SPQR)

(/usr/share/texlive/texmf-dist/tex/latex/graphics/trig.sty
Package: trig 1999/03/16 v1.09 sin cos tan (DPC)
)
(/usr/share/texlive/texmf-dist/tex/latex/latexconfig/graphics.cfg
File: graphics.cfg 2010/04/23 v1.9 graphics configuration of TeX Live
)
Package graphics Info: Driver file: pdftex.def on input line 91.

(/usr/share/texlive/texmf-dist/tex/latex/pdftex-def/pdftex.def
File: pdftex.def 2011/05/27 v0.06d Graphics/color for pdfTeX

(/usr/share/texlive/texmf-dist/tex/generic/oberdiek/infwarerr.sty
Package: infwarerr 2010/04/08 v1.3 Providing info/warning/error messages (HO)
)
(/usr/share/texlive/texmf-dist/tex/generic/oberdiek/ltxcmds.sty
Package: ltxcmds 2011/11/09 v1.22 LaTeX kernel commands for general use (HO)
)
\Gread@gobject=\count107
))
\Gin@req@height=\dimen112
\Gin@req@width=\dimen113
)
(/usr/share/texlive/texmf-dist/tex/latex/amsfonts/amssymb.sty
Package: amssymb 2009/06/22 v3.00

(/usr/share/texlive/texmf-dist/tex/latex/amsfonts/amsfonts.sty
Package: amsfonts 2009/06/22 v3.00 Basic AMSFonts support
\symAMSa=\mathgroup4
\symAMSb=\mathgroup5
LaTeX Font Info:    Overwriting math alphabet `\mathfrak' in version `bold'
(Font)                  U/euf/m/n --> U/euf/b/n on input line 96.
))
(/usr/share/texlive/texmf-dist/tex/latex/booktabs/booktabs.sty
Package: booktabs 2005/04/14 v1.61803 publication quality tables
\heavyrulewidth=\dimen114
\lightrulewidth=\dimen115
\cmidrulewidth=\dimen116
\belowrulesep=\dimen117
\belowbottomsep=\dimen118
\aboverulesep=\dimen119
\abovetopsep=\dimen120
\cmidrulesep=\dimen121
\cmidrulekern=\dimen122
\defaultaddspace=\dimen123
\@cmidla=\count108
\@cmidlb=\count109
\@aboverulesep=\dimen124
\@belowrulesep=\dimen125
\@thisruleclass=\count110
\@lastruleclass=\count111
\@thisrulewidth=\dimen126
)
(/usr/share/texlive/texmf-dist/tex/latex/ctable/ctable.sty
Package: ctable 2012/05/28 v1.23 ctable package

(/usr/share/texlive/texmf-dist/tex/latex/graphics/color.sty
Package: color 2005/11/14 v1.0j Standard LaTeX Color (DPC)

(/usr/share/texlive/texmf-dist/tex/latex/latexconfig/color.cfg
File: color.cfg 2007/01/18 v1.5 color configuration of teTeX/TeXLive
)
Package color Info: Driver file: pdftex.def on input line 130.
)
(/usr/share/texlive/texmf-dist/tex/latex/xkeyval/xkeyval.sty
Package: xkeyval 2008/08/13 v2.6a package option processing (HA)

(/usr/share/texlive/texmf-dist/tex/generic/xkeyval/xkeyval.tex
\XKV@toks=\toks20
\XKV@tempa@toks=\toks21
\XKV@depth=\count112
File: xkeyval.tex 2008/08/13 v2.6a key=value parser (HA)
))
(/usr/share/texlive/texmf-dist/tex/latex/tools/array.sty
Package: array 2008/09/09 v2.4c Tabular extension package (FMi)
\col@sep=\dimen127
\extrarowheight=\dimen128
\NC@list=\toks22
\extratabsurround=\skip49
\backup@length=\skip50
)
(/usr/share/texlive/texmf-dist/tex/latex/tools/tabularx.sty
Package: tabularx 1999/01/07 v2.07 `tabularx' package (DPC)
\TX@col@width=\dimen129
\TX@old@table=\dimen130
\TX@old@col=\dimen131
\TX@target=\dimen132
\TX@delta=\dimen133
\TX@cols=\count113
\TX@ftn=\toks23
)
(/usr/share/texlive/texmf-dist/tex/latex/rotating/rotating.sty
Package: rotating 2009/03/28 v2.16a rotated objects in LaTeX
\c@r@tfl@t=\count114
\rotFPtop=\skip51
\rotFPbot=\skip52
\rot@float@box=\box28
\rot@mess@toks=\toks24
)
(/usr/share/texlive/texmf-dist/tex/latex/etoolbox/etoolbox.sty
Package: etoolbox 2011/01/03 v2.1 e-TeX tools for LaTeX

(/usr/share/texlive/texmf-dist/tex/latex/etex-pkg/etex.sty
Package: etex 1998/03/26 v2.0 eTeX basic definition package (PEB)
\et@xins=\count115
)
\etb@tempcnta=\count116
)
\@ctblframesep=\dimen134
\@defaultctblframesep=\dimen135
\@ctblframerule=\dimen136
\@defaultctblframerule=\dimen137
\@ctblwidth=\dimen138
\@defaultctblwidth=\dimen139
\@ctblcaptionskip=\dimen140
\@defaultctblcaptionskip=\dimen141
\@ctblmaxwidth=\dimen142
\@defaultctblmaxwidth=\dimen143
\@ctblmincapwidth=\dimen144
\@defaultctblmincapwidth=\dimen145
\@ctblfooterwidth=\dimen146
\@defaultctblfooterwidth=\dimen147
\@ctblw=\dimen148
\@ctblfloatwidth=\dimen149
\@ctbloldsep=\dimen150
\@ctbloldrule=\dimen151
\ctbl@t=\box29
)
(/usr/share/texlive/texmf-dist/tex/latex/cite/cite.sty
LaTeX Info: Redefining \cite on input line 302.
LaTeX Info: Redefining \nocite on input line 373.
Package: cite 2010/09/10  v 5.3
) (./thesis.sty
(./CJKutf8.sty
Package: CJKutf8 2012/05/07 4.8.3
 (/usr/share/texlive/texmf-dist/tex/generic/oberdiek/ifpdf.sty
Package: ifpdf 2011/01/30 v2.3 Provides the ifpdf switch (HO)
Package ifpdf Info: pdfTeX in PDF mode is detected.
)
(/usr/share/texlive/texmf-dist/tex/latex/base/inputenc.sty
Package: inputenc 2008/03/30 v1.1d Input encoding file
\inpenc@prehook=\toks25
\inpenc@posthook=\toks26

(/usr/share/texlive/texmf-dist/tex/latex/base/utf8.def
File: utf8.def 2008/04/05 v1.1m UTF-8 support for inputenc
Now handling font encoding OML ...
... no UTF-8 mapping file for font encoding OML
Now handling font encoding T1 ...
... processing UTF-8 mapping file for font encoding T1

(/usr/share/texlive/texmf-dist/tex/latex/base/t1enc.dfu
File: t1enc.dfu 2008/04/05 v1.1m UTF-8 support for inputenc
   defining Unicode char U+00A1 (decimal 161)
   defining Unicode char U+00A3 (decimal 163)
   defining Unicode char U+00AB (decimal 171)
   defining Unicode char U+00BB (decimal 187)
   defining Unicode char U+00BF (decimal 191)
   defining Unicode char U+00C0 (decimal 192)
   defining Unicode char U+00C1 (decimal 193)
   defining Unicode char U+00C2 (decimal 194)
   defining Unicode char U+00C3 (decimal 195)
   defining Unicode char U+00C4 (decimal 196)
   defining Unicode char U+00C5 (decimal 197)
   defining Unicode char U+00C6 (decimal 198)
   defining Unicode char U+00C7 (decimal 199)
   defining Unicode char U+00C8 (decimal 200)
   defining Unicode char U+00C9 (decimal 201)
   defining Unicode char U+00CA (decimal 202)
   defining Unicode char U+00CB (decimal 203)
   defining Unicode char U+00CC (decimal 204)
   defining Unicode char U+00CD (decimal 205)
   defining Unicode char U+00CE (decimal 206)
   defining Unicode char U+00CF (decimal 207)
   defining Unicode char U+00D0 (decimal 208)
   defining Unicode char U+00D1 (decimal 209)
   defining Unicode char U+00D2 (decimal 210)
   defining Unicode char U+00D3 (decimal 211)
   defining Unicode char U+00D4 (decimal 212)
   defining Unicode char U+00D5 (decimal 213)
   defining Unicode char U+00D6 (decimal 214)
   defining Unicode char U+00D8 (decimal 216)
   defining Unicode char U+00D9 (decimal 217)
   defining Unicode char U+00DA (decimal 218)
   defining Unicode char U+00DB (decimal 219)
   defining Unicode char U+00DC (decimal 220)
   defining Unicode char U+00DD (decimal 221)
   defining Unicode char U+00DE (decimal 222)
   defining Unicode char U+00DF (decimal 223)
   defining Unicode char U+00E0 (decimal 224)
   defining Unicode char U+00E1 (decimal 225)
   defining Unicode char U+00E2 (decimal 226)
   defining Unicode char U+00E3 (decimal 227)
   defining Unicode char U+00E4 (decimal 228)
   defining Unicode char U+00E5 (decimal 229)
   defining Unicode char U+00E6 (decimal 230)
   defining Unicode char U+00E7 (decimal 231)
   defining Unicode char U+00E8 (decimal 232)
   defining Unicode char U+00E9 (decimal 233)
   defining Unicode char U+00EA (decimal 234)
   defining Unicode char U+00EB (decimal 235)
   defining Unicode char U+00EC (decimal 236)
   defining Unicode char U+00ED (decimal 237)
   defining Unicode char U+00EE (decimal 238)
   defining Unicode char U+00EF (decimal 239)
   defining Unicode char U+00F0 (decimal 240)
   defining Unicode char U+00F1 (decimal 241)
   defining Unicode char U+00F2 (decimal 242)
   defining Unicode char U+00F3 (decimal 243)
   defining Unicode char U+00F4 (decimal 244)
   defining Unicode char U+00F5 (decimal 245)
   defining Unicode char U+00F6 (decimal 246)
   defining Unicode char U+00F8 (decimal 248)
   defining Unicode char U+00F9 (decimal 249)
   defining Unicode char U+00FA (decimal 250)
   defining Unicode char U+00FB (decimal 251)
   defining Unicode char U+00FC (decimal 252)
   defining Unicode char U+00FD (decimal 253)
   defining Unicode char U+00FE (decimal 254)
   defining Unicode char U+00FF (decimal 255)
   defining Unicode char U+0102 (decimal 258)
   defining Unicode char U+0103 (decimal 259)
   defining Unicode char U+0104 (decimal 260)
   defining Unicode char U+0105 (decimal 261)
   defining Unicode char U+0106 (decimal 262)
   defining Unicode char U+0107 (decimal 263)
   defining Unicode char U+010C (decimal 268)
   defining Unicode char U+010D (decimal 269)
   defining Unicode char U+010E (decimal 270)
   defining Unicode char U+010F (decimal 271)
   defining Unicode char U+0110 (decimal 272)
   defining Unicode char U+0111 (decimal 273)
   defining Unicode char U+0118 (decimal 280)
   defining Unicode char U+0119 (decimal 281)
   defining Unicode char U+011A (decimal 282)
   defining Unicode char U+011B (decimal 283)
   defining Unicode char U+011E (decimal 286)
   defining Unicode char U+011F (decimal 287)
   defining Unicode char U+0130 (decimal 304)
   defining Unicode char U+0131 (decimal 305)
   defining Unicode char U+0132 (decimal 306)
   defining Unicode char U+0133 (decimal 307)
   defining Unicode char U+0139 (decimal 313)
   defining Unicode char U+013A (decimal 314)
   defining Unicode char U+013D (decimal 317)
   defining Unicode char U+013E (decimal 318)
   defining Unicode char U+0141 (decimal 321)
   defining Unicode char U+0142 (decimal 322)
   defining Unicode char U+0143 (decimal 323)
   defining Unicode char U+0144 (decimal 324)
   defining Unicode char U+0147 (decimal 327)
   defining Unicode char U+0148 (decimal 328)
   defining Unicode char U+014A (decimal 330)
   defining Unicode char U+014B (decimal 331)
   defining Unicode char U+0150 (decimal 336)
   defining Unicode char U+0151 (decimal 337)
   defining Unicode char U+0152 (decimal 338)
   defining Unicode char U+0153 (decimal 339)
   defining Unicode char U+0154 (decimal 340)
   defining Unicode char U+0155 (decimal 341)
   defining Unicode char U+0158 (decimal 344)
   defining Unicode char U+0159 (decimal 345)
   defining Unicode char U+015A (decimal 346)
   defining Unicode char U+015B (decimal 347)
   defining Unicode char U+015E (decimal 350)
   defining Unicode char U+015F (decimal 351)
   defining Unicode char U+0160 (decimal 352)
   defining Unicode char U+0161 (decimal 353)
   defining Unicode char U+0162 (decimal 354)
   defining Unicode char U+0163 (decimal 355)
   defining Unicode char U+0164 (decimal 356)
   defining Unicode char U+0165 (decimal 357)
   defining Unicode char U+016E (decimal 366)
   defining Unicode char U+016F (decimal 367)
   defining Unicode char U+0170 (decimal 368)
   defining Unicode char U+0171 (decimal 369)
   defining Unicode char U+0178 (decimal 376)
   defining Unicode char U+0179 (decimal 377)
   defining Unicode char U+017A (decimal 378)
   defining Unicode char U+017B (decimal 379)
   defining Unicode char U+017C (decimal 380)
   defining Unicode char U+017D (decimal 381)
   defining Unicode char U+017E (decimal 382)
   defining Unicode char U+200C (decimal 8204)
   defining Unicode char U+2013 (decimal 8211)
   defining Unicode char U+2014 (decimal 8212)
   defining Unicode char U+2018 (decimal 8216)
   defining Unicode char U+2019 (decimal 8217)
   defining Unicode char U+201A (decimal 8218)
   defining Unicode char U+201C (decimal 8220)
   defining Unicode char U+201D (decimal 8221)
   defining Unicode char U+201E (decimal 8222)
   defining Unicode char U+2030 (decimal 8240)
   defining Unicode char U+2031 (decimal 8241)
   defining Unicode char U+2039 (decimal 8249)
   defining Unicode char U+203A (decimal 8250)
   defining Unicode char U+2423 (decimal 9251)
)
Now handling font encoding OT1 ...
... processing UTF-8 mapping file for font encoding OT1

(/usr/share/texlive/texmf-dist/tex/latex/base/ot1enc.dfu
File: ot1enc.dfu 2008/04/05 v1.1m UTF-8 support for inputenc
   defining Unicode char U+00A1 (decimal 161)
   defining Unicode char U+00A3 (decimal 163)
   defining Unicode char U+00B8 (decimal 184)
   defining Unicode char U+00BF (decimal 191)
   defining Unicode char U+00C5 (decimal 197)
   defining Unicode char U+00C6 (decimal 198)
   defining Unicode char U+00D8 (decimal 216)
   defining Unicode char U+00DF (decimal 223)
   defining Unicode char U+00E6 (decimal 230)
   defining Unicode char U+00EC (decimal 236)
   defining Unicode char U+00ED (decimal 237)
   defining Unicode char U+00EE (decimal 238)
   defining Unicode char U+00EF (decimal 239)
   defining Unicode char U+00F8 (decimal 248)
   defining Unicode char U+0131 (decimal 305)
   defining Unicode char U+0141 (decimal 321)
   defining Unicode char U+0142 (decimal 322)
   defining Unicode char U+0152 (decimal 338)
   defining Unicode char U+0153 (decimal 339)
   defining Unicode char U+2013 (decimal 8211)
   defining Unicode char U+2014 (decimal 8212)
   defining Unicode char U+2018 (decimal 8216)
   defining Unicode char U+2019 (decimal 8217)
   defining Unicode char U+201C (decimal 8220)
   defining Unicode char U+201D (decimal 8221)
)
Now handling font encoding OMS ...
... processing UTF-8 mapping file for font encoding OMS

(/usr/share/texlive/texmf-dist/tex/latex/base/omsenc.dfu
File: omsenc.dfu 2008/04/05 v1.1m UTF-8 support for inputenc
   defining Unicode char U+00A7 (decimal 167)
   defining Unicode char U+00B6 (decimal 182)
   defining Unicode char U+00B7 (decimal 183)
   defining Unicode char U+2020 (decimal 8224)
   defining Unicode char U+2021 (decimal 8225)
   defining Unicode char U+2022 (decimal 8226)
)
Now handling font encoding OMX ...
... no UTF-8 mapping file for font encoding OMX
Now handling font encoding U ...
... no UTF-8 mapping file for font encoding U
   defining Unicode char U+00A9 (decimal 169)
   defining Unicode char U+00AA (decimal 170)
   defining Unicode char U+00AE (decimal 174)
   defining Unicode char U+00BA (decimal 186)
   defining Unicode char U+02C6 (decimal 710)
   defining Unicode char U+02DC (decimal 732)
   defining Unicode char U+200C (decimal 8204)
   defining Unicode char U+2026 (decimal 8230)
   defining Unicode char U+2122 (decimal 8482)
   defining Unicode char U+2423 (decimal 9251)
))
(/usr/share/texmf/tex/latex/CJK/CJK.sty
Package: CJK 2012/05/07 4.8.3

(/usr/share/texmf/tex/latex/CJK/mule/MULEenc.sty
Package: MULEenc 2012/05/07 4.8.3
)
(/usr/share/texmf/tex/latex/CJK/CJK.enc
File: CJK.enc 2012/05/07 4.8.3
Now handling font encoding C00 ...
... no UTF-8 mapping file for font encoding C00
Now handling font encoding C05 ...
... no UTF-8 mapping file for font encoding C05
Now handling font encoding C09 ...
... no UTF-8 mapping file for font encoding C09
Now handling font encoding C10 ...
... no UTF-8 mapping file for font encoding C10
Now handling font encoding C20 ...
... no UTF-8 mapping file for font encoding C20
Now handling font encoding C19 ...
... no UTF-8 mapping file for font encoding C19
Now handling font encoding C40 ...
... no UTF-8 mapping file for font encoding C40
Now handling font encoding C42 ...
... no UTF-8 mapping file for font encoding C42
Now handling font encoding C43 ...
... no UTF-8 mapping file for font encoding C43
Now handling font encoding C50 ...
... no UTF-8 mapping file for font encoding C50
Now handling font encoding C52 ...
... no UTF-8 mapping file for font encoding C52
Now handling font encoding C49 ...
... no UTF-8 mapping file for font encoding C49
Now handling font encoding C60 ...
... no UTF-8 mapping file for font encoding C60
Now handling font encoding C61 ...
... no UTF-8 mapping file for font encoding C61
Now handling font encoding C63 ...
... no UTF-8 mapping file for font encoding C63
Now handling font encoding C64 ...
... no UTF-8 mapping file for font encoding C64
Now handling font encoding C65 ...
... no UTF-8 mapping file for font encoding C65
Now handling font encoding C70 ...
... no UTF-8 mapping file for font encoding C70
Now handling font encoding C31 ...
... no UTF-8 mapping file for font encoding C31
Now handling font encoding C32 ...
... no UTF-8 mapping file for font encoding C32
Now handling font encoding C33 ...
... no UTF-8 mapping file for font encoding C33
Now handling font encoding C34 ...
... no UTF-8 mapping file for font encoding C34
Now handling font encoding C35 ...
... no UTF-8 mapping file for font encoding C35
Now handling font encoding C36 ...
... no UTF-8 mapping file for font encoding C36
Now handling font encoding C37 ...
... no UTF-8 mapping file for font encoding C37
Now handling font encoding C80 ...
... no UTF-8 mapping file for font encoding C80
Now handling font encoding C81 ...
... no UTF-8 mapping file for font encoding C81
Now handling font encoding C01 ...
... no UTF-8 mapping file for font encoding C01
Now handling font encoding C11 ...
... no UTF-8 mapping file for font encoding C11
Now handling font encoding C21 ...
... no UTF-8 mapping file for font encoding C21
Now handling font encoding C41 ...
... no UTF-8 mapping file for font encoding C41
Now handling font encoding C62 ...
... no UTF-8 mapping file for font encoding C62
)
LaTeX Info: Redefining \selectfont on input line 755.
\CJK@indent=\box30
)
(/usr/share/texlive/texmf-dist/tex/latex/base/fontenc.sty
Package: fontenc 2005/09/27 v1.99g Standard LaTeX package
))
\c@mydefcounter=\count117
)
(/usr/share/texlive/texmf-dist/tex/latex/base/latexsym.sty
Package: latexsym 1998/08/17 v2.2e Standard LaTeX package (lasy symbols)
\symlasy=\mathgroup6
LaTeX Font Info:    Overwriting symbol font `lasy' in version `bold'
(Font)                  U/lasy/m/n --> U/lasy/b/n on input line 47.
)
(/usr/share/texlive/texmf-dist/tex/latex/graphics/epsfig.sty
Package: epsfig 1999/02/16 v1.7a (e)psfig emulation (SPQR)
\epsfxsize=\dimen152
\epsfysize=\dimen153
)
(/usr/share/texlive/texmf-dist/tex/latex/geometry/geometry.sty
Package: geometry 2010/09/12 v5.6 Page Geometry

(/usr/share/texlive/texmf-dist/tex/generic/oberdiek/ifvtex.sty
Package: ifvtex 2010/03/01 v1.5 Detect VTeX and its facilities (HO)
Package ifvtex Info: VTeX not detected.
)
(/usr/share/texlive/texmf-dist/tex/generic/ifxetex/ifxetex.sty
Package: ifxetex 2010/09/12 v0.6 Provides ifxetex conditional
)
\Gm@cnth=\count118
\Gm@cntv=\count119
\c@Gm@tempcnt=\count120
\Gm@bindingoffset=\dimen154
\Gm@wd@mp=\dimen155
\Gm@odd@mp=\dimen156
\Gm@even@mp=\dimen157
\Gm@layoutwidth=\dimen158
\Gm@layoutheight=\dimen159
\Gm@layouthoffset=\dimen160
\Gm@layoutvoffset=\dimen161
\Gm@dimlist=\toks27
)
(/usr/share/texlive/texmf-dist/tex/latex/url/url.sty
\Urlmuskip=\muskip11
Package: url 2006/04/12  ver 3.3  Verb mode for urls, etc.
)
(/usr/share/texlive/texmf-dist/tex/latex/algorithms/algorithm.sty
Package: algorithm 2009/08/24 v0.1 Document Style `algorithm' - floating enviro
nment

(/usr/share/texlive/texmf-dist/tex/latex/float/float.sty
Package: float 2001/11/08 v1.3d Float enhancements (AL)
\c@float@type=\count121
\float@exts=\toks28
\float@box=\box31
\@float@everytoks=\toks29
\@floatcapt=\box32
)
\@float@every@algorithm=\toks30
\c@algorithm=\count122
)
(/usr/share/texlive/texmf-dist/tex/latex/subfigure/subfigure.sty
Package: subfigure 2002/03/15 v2.1.5 subfigure package
\subfigtopskip=\skip53
\subfigcapskip=\skip54
\subfigcaptopadj=\dimen162
\subfigbottomskip=\skip55
\subfigcapmargin=\dimen163
\subfiglabelskip=\skip56
\c@subfigure=\count123
\c@lofdepth=\count124
\c@subtable=\count125
\c@lotdepth=\count126

****************************************
* Local config file subfigure.cfg used *
****************************************
(/usr/share/texlive/texmf-dist/tex/latex/subfigure/subfigure.cfg)
\subfig@top=\skip57
\subfig@bottom=\skip58
)
(/usr/share/texlive/texmf-dist/tex/latex/caption/caption.sty
Package: caption 2012/02/19 v3.2f Customizing captions (AR)

(/usr/share/texlive/texmf-dist/tex/latex/caption/caption3.sty
Package: caption3 2012/01/12 v1.4b caption3 kernel (AR)
\captionmargin=\dimen164
\captionmargin@=\dimen165
\captionwidth=\dimen166
\caption@indent=\dimen167
\caption@parindent=\dimen168
\caption@hangindent=\dimen169
)
\c@ContinuedFloat=\count127
Package caption Info: float package is loaded.
Package caption Info: rotating package is loaded.
Package caption Info: subfigure package is loaded.
)
\c@problem=\count128
 (./thesis.aux)
\openout1 = `thesis.aux'.

LaTeX Font Info:    Checking defaults for OML/cmm/m/it on input line 26.
LaTeX Font Info:    ... okay on input line 26.
LaTeX Font Info:    Checking defaults for T1/cmr/m/n on input line 26.
LaTeX Font Info:    ... okay on input line 26.
LaTeX Font Info:    Checking defaults for OT1/cmr/m/n on input line 26.
LaTeX Font Info:    ... okay on input line 26.
LaTeX Font Info:    Checking defaults for OMS/cmsy/m/n on input line 26.
LaTeX Font Info:    ... okay on input line 26.
LaTeX Font Info:    Checking defaults for OMX/cmex/m/n on input line 26.
LaTeX Font Info:    ... okay on input line 26.
LaTeX Font Info:    Checking defaults for U/cmr/m/n on input line 26.
LaTeX Font Info:    ... okay on input line 26.
LaTeX Font Info:    Checking defaults for C00/song/m/n on input line 26.
LaTeX Font Info:    ... okay on input line 26.
LaTeX Font Info:    Checking defaults for C05/song/m/n on input line 26.
LaTeX Font Info:    ... okay on input line 26.
LaTeX Font Info:    Checking defaults for C09/song/m/n on input line 26.
LaTeX Font Info:    ... okay on input line 26.
LaTeX Font Info:    Checking defaults for C10/song/m/n on input line 26.
LaTeX Font Info:    ... okay on input line 26.
LaTeX Font Info:    Checking defaults for C20/song/m/n on input line 26.
LaTeX Font Info:    ... okay on input line 26.
LaTeX Font Info:    Checking defaults for C19/song/m/n on input line 26.
LaTeX Font Info:    ... okay on input line 26.
LaTeX Font Info:    Checking defaults for C40/song/m/n on input line 26.
LaTeX Font Info:    ... okay on input line 26.
LaTeX Font Info:    Checking defaults for C42/song/m/n on input line 26.
LaTeX Font Info:    ... okay on input line 26.
LaTeX Font Info:    Checking defaults for C43/song/m/n on input line 26.
LaTeX Font Info:    ... okay on input line 26.
LaTeX Font Info:    Checking defaults for C50/song/m/n on input line 26.
LaTeX Font Info:    ... okay on input line 26.
LaTeX Font Info:    Checking defaults for C52/song/m/n on input line 26.
LaTeX Font Info:    ... okay on input line 26.
LaTeX Font Info:    Checking defaults for C49/song/m/n on input line 26.
LaTeX Font Info:    ... okay on input line 26.
LaTeX Font Info:    Checking defaults for C60/mj/m/n on input line 26.
LaTeX Font Info:    ... okay on input line 26.
LaTeX Font Info:    Checking defaults for C61/mj/m/n on input line 26.
LaTeX Font Info:    ... okay on input line 26.
LaTeX Font Info:    Checking defaults for C63/mj/m/n on input line 26.
LaTeX Font Info:    ... okay on input line 26.
LaTeX Font Info:    Checking defaults for C64/mj/m/n on input line 26.
LaTeX Font Info:    ... okay on input line 26.
LaTeX Font Info:    Checking defaults for C65/mj/m/n on input line 26.
LaTeX Font Info:    ... okay on input line 26.
LaTeX Font Info:    Checking defaults for C70/song/m/n on input line 26.
LaTeX Font Info:    ... okay on input line 26.
LaTeX Font Info:    Checking defaults for C31/song/m/n on input line 26.
LaTeX Font Info:    ... okay on input line 26.
LaTeX Font Info:    Checking defaults for C32/song/m/n on input line 26.
LaTeX Font Info:    ... okay on input line 26.
LaTeX Font Info:    Checking defaults for C33/song/m/n on input line 26.
LaTeX Font Info:    ... okay on input line 26.
LaTeX Font Info:    Checking defaults for C34/song/m/n on input line 26.
LaTeX Font Info:    ... okay on input line 26.
LaTeX Font Info:    Checking defaults for C35/song/m/n on input line 26.
LaTeX Font Info:    ... okay on input line 26.
LaTeX Font Info:    Checking defaults for C36/song/m/n on input line 26.
LaTeX Font Info:    ... okay on input line 26.
LaTeX Font Info:    Checking defaults for C37/song/m/n on input line 26.
LaTeX Font Info:    ... okay on input line 26.
LaTeX Font Info:    Checking defaults for C80/song/m/n on input line 26.
LaTeX Font Info:    ... okay on input line 26.
LaTeX Font Info:    Checking defaults for C81/song/m/n on input line 26.
LaTeX Font Info:    ... okay on input line 26.
LaTeX Font Info:    Checking defaults for C01/song/m/n on input line 26.
LaTeX Font Info:    ... okay on input line 26.
LaTeX Font Info:    Checking defaults for C11/song/m/n on input line 26.
LaTeX Font Info:    ... okay on input line 26.
LaTeX Font Info:    Checking defaults for C21/song/m/n on input line 26.
LaTeX Font Info:    ... okay on input line 26.
LaTeX Font Info:    Checking defaults for C41/song/m/n on input line 26.
LaTeX Font Info:    ... okay on input line 26.
LaTeX Font Info:    Checking defaults for C62/song/m/n on input line 26.
LaTeX Font Info:    ... okay on input line 26.

(/usr/share/texlive/texmf-dist/tex/context/base/supp-pdf.mkii
[Loading MPS to PDF converter (version 2006.09.02).]
\scratchcounter=\count129
\scratchdimen=\dimen170
\scratchbox=\box33
\nofMPsegments=\count130
\nofMParguments=\count131
\everyMPshowfont=\toks31
\MPscratchCnt=\count132
\MPscratchDim=\dimen171
\MPnumerator=\count133
\makeMPintoPDFobject=\count134
\everyMPtoPDFconversion=\toks32
) (/usr/share/texlive/texmf-dist/tex/generic/oberdiek/pdftexcmds.sty
Package: pdftexcmds 2011/11/29 v0.20 Utility functions of pdfTeX for LuaTeX (HO
)

(/usr/share/texlive/texmf-dist/tex/generic/oberdiek/ifluatex.sty
Package: ifluatex 2010/03/01 v1.3 Provides the ifluatex switch (HO)
Package ifluatex Info: LuaTeX not detected.
)
Package pdftexcmds Info: LuaTeX not detected.
Package pdftexcmds Info: \pdf@primitive is available.
Package pdftexcmds Info: \pdf@ifprimitive is available.
Package pdftexcmds Info: \pdfdraftmode found.
)
(/usr/share/texlive/texmf-dist/tex/latex/oberdiek/epstopdf-base.sty
Package: epstopdf-base 2010/02/09 v2.5 Base part for package epstopdf

(/usr/share/texlive/texmf-dist/tex/latex/oberdiek/grfext.sty
Package: grfext 2010/08/19 v1.1 Manage graphics extensions (HO)

(/usr/share/texlive/texmf-dist/tex/generic/oberdiek/kvdefinekeys.sty
Package: kvdefinekeys 2011/04/07 v1.3 Define keys (HO)
))
(/usr/share/texlive/texmf-dist/tex/latex/oberdiek/kvoptions.sty
Package: kvoptions 2011/06/30 v3.11 Key value format for package options (HO)

(/usr/share/texlive/texmf-dist/tex/generic/oberdiek/kvsetkeys.sty
Package: kvsetkeys 2012/04/25 v1.16 Key value parser (HO)

(/usr/share/texlive/texmf-dist/tex/generic/oberdiek/etexcmds.sty
Package: etexcmds 2011/02/16 v1.5 Avoid name clashes with e-TeX commands (HO)
Package etexcmds Info: Could not find \expanded.
(etexcmds)             That can mean that you are not using pdfTeX 1.50 or
(etexcmds)             that some package has redefined \expanded.
(etexcmds)             In the latter case, load this package earlier.
)))
Package grfext Info: Graphics extension search list:
(grfext)             [.png,.pdf,.jpg,.mps,.jpeg,.jbig2,.jb2,.PNG,.PDF,.JPG,.JPE
G,.JBIG2,.JB2,.eps]
(grfext)             \AppendGraphicsExtensions on input line 452.

(/usr/share/texlive/texmf-dist/tex/latex/latexconfig/epstopdf-sys.cfg
File: epstopdf-sys.cfg 2010/07/13 v1.3 Configuration of (r)epstopdf for TeX Liv
e
))
*geometry* driver: auto-detecting
*geometry* detected driver: pdftex
*geometry* verbose mode - [ preamble ] result:
* driver: pdftex
* paper: a4paper
* layout: <same size as paper>
* layoutoffset:(h,v)=(0.0pt,0.0pt)
* modes: twoside 
* h-part:(L,W,R)=(113.81102pt, 412.56497pt, 71.13188pt)
* v-part:(T,H,B)=(101.40665pt, 591.5302pt, 152.11pt)
* \paperwidth=597.50787pt
* \paperheight=845.04684pt
* \textwidth=412.56497pt
* \textheight=597.50787pt
* \oddsidemargin=41.54103pt
* \evensidemargin=-1.1381pt
* \topmargin=0.0pt
* \headheight=12.0pt
* \headsep=25.0pt
* \topskip=12.0pt
* \footskip=30.0pt
* \marginparwidth=85.0pt
* \marginparsep=10.0pt
* \columnsep=10.0pt
* \skip\footins=10.8pt plus 4.0pt minus 2.0pt
* \hoffset=0.0pt
* \voffset=0.0pt
* \mag=1000
* \@twocolumnfalse
* \@twosidetrue
* \@mparswitchtrue
* \@reversemarginfalse
* (1in=72.27pt=25.4mm, 1cm=28.453pt)

Package caption Info: Begin \AtBeginDocument code.
Package caption Info: End \AtBeginDocument code.
[1

{/var/lib/texmf/fonts/map/pdftex/updmap/pdftex.map}] [2] (./abstract.tex)
Overfull \hbox (4.3148pt too wide) in paragraph at lines 49--49
\OT1/cmr/m/n/14.4 Modern dis-tributed stor-age sys-tems ag-gre-gate mul-ti-ple 
stor-age nodes
 []

[1] [2] (/usr/share/texmf/tex/latex/CJK/UTF8/UTF8.bdg
File: UTF8.bdg 2012/05/07 4.8.3
)
(/usr/share/texmf/tex/latex/CJK/UTF8/UTF8.enc
File: UTF8.enc 2012/05/07 4.8.3
)
(/usr/share/texmf/tex/latex/CJK/UTF8/UTF8.chr
File: UTF8.chr 2012/05/07 4.8.3
)
LaTeX Font Info:    Try loading font information for C70+bkai on input line 50.


(/usr/share/texmf/tex/latex/CJK/UTF8/c70bkai.fd
File: c70gkai.fd 2008/10/03 4.8.1
)
(/usr/share/texmf/tex/latex/CJK/UTF8/c70bkai.fdx
File: c70bkai.fdx 2008/12/29 4.8.2
)
Underfull \hbox (badness 10000) in paragraph at lines 50--50

 []

Missing character: There is no Ç in font bkaiu8f!
Missing character: There is no p in font bkaiu65!
Missing character: There is no e in font bkaiu67!
Missing character: There is no û in font bkaiu8b!

Underfull \hbox (badness 10000) in paragraph at lines 50--50

 []

(./abstractzh.tex (/usr/share/texmf/tex/latex/CJK/UTF8/UTF8.enc
File: UTF8.enc 2012/05/07 4.8.3
)
(/usr/share/texmf/tex/latex/CJK/UTF8/UTF8.chr
File: UTF8.chr 2012/05/07 4.8.3
)) [3] (./publications.tex
LaTeX Font Info:    Try loading font information for OMS+cmr on input line 2.

(/usr/share/texlive/texmf-dist/tex/latex/base/omscmr.fd
File: omscmr.fd 1999/05/25 v2.5h Standard LaTeX font definitions
)
LaTeX Font Info:    Font shape `OMS/cmr/m/n' in size <14.4> not available
(Font)              Font shape `OMS/cmsy/m/n' tried instead on input line 2.
) [4

]
(./acknowledgement.tex) [5

] (./thesis.toc
LaTeX Font Info:    Try loading font information for U+msa on input line 4.

(/usr/share/texlive/texmf-dist/tex/latex/amsfonts/umsa.fd
File: umsa.fd 2009/06/22 v3.00 AMS symbols A
)
LaTeX Font Info:    Try loading font information for U+msb on input line 4.

(/usr/share/texlive/texmf-dist/tex/latex/amsfonts/umsb.fd
File: umsb.fd 2009/06/22 v3.00 AMS symbols B
)
LaTeX Font Info:    Try loading font information for U+lasy on input line 4.

(/usr/share/texlive/texmf-dist/tex/latex/base/ulasy.fd
File: ulasy.fd 1998/08/17 v2.2e LaTeX symbol font definitions
) [6

])
\tf@toc=\write3
\openout3 = `thesis.toc'.

 [7] (./thesis.lof)
\tf@lof=\write4
\openout4 = `thesis.lof'.

[8

] (./thesis.lot)
\tf@lot=\write5
\openout5 = `thesis.lot'.

 [9

] (./intro.tex
Chapter 1.
[1

] [2] [3]) (./background.tex [4]
Chapter 2.

Overfull \hbox (9.27582pt too wide) in paragraph at lines 17--29
\OT1/cmr/m/n/14.4 with iden-ti-cal con-tent. It di-vides in-put data into fixed
-size or variable-
 []

[5

] [6]) (./related.tex
Underfull \vbox (badness 4686) has occurred while \output is active []

 [7])
[8]
Chapter 3.
(./motivate.tex [9

]
Package epstopdf Info: Source file: <figs/example.eps>
(epstopdf)                    date: 2015-04-15 17:07:49
(epstopdf)                    size: 11947 bytes
(epstopdf)             Output file: <figs/example-eps-converted-to.pdf>
(epstopdf)                    date: 2015-04-15 17:07:49
(epstopdf)                    size: 7744 bytes
(epstopdf)             Command: <repstopdf --outfile=figs/example-eps-converted
-to.pdf figs/example.eps>
(epstopdf)             \includegraphics on input line 42.
Package epstopdf Info: Output file is already uptodate.

<figs/example-eps-converted-to.pdf, id=196, 421.575pt x 91.34125pt>
File: figs/example-eps-converted-to.pdf Graphic file (type pdf)

<use figs/example-eps-converted-to.pdf>
Package pdftex.def Info: figs/example-eps-converted-to.pdf used on input line 4
2.
(pdftex.def)             Requested size: 412.56497pt x 89.39114pt.

Overfull \hbox (11.74988pt too wide) in paragraph at lines 42--43
 [][] 
 []

Package epstopdf Info: Source file: <figs/conv.eps>
(epstopdf)                    date: 2015-04-15 17:07:49
(epstopdf)                    size: 10795 bytes
(epstopdf)             Output file: <figs/conv-eps-converted-to.pdf>
(epstopdf)                    date: 2015-04-15 17:07:49
(epstopdf)                    size: 6904 bytes
(epstopdf)             Command: <repstopdf --outfile=figs/conv-eps-converted-to
.pdf figs/conv.eps>
(epstopdf)             \includegraphics on input line 47.
Package epstopdf Info: Output file is already uptodate.
<figs/conv-eps-converted-to.pdf, id=197, 240.9pt x 149.55875pt>
File: figs/conv-eps-converted-to.pdf Graphic file (type pdf)

<use figs/conv-eps-converted-to.pdf>
Package pdftex.def Info: figs/conv-eps-converted-to.pdf used on input line 47.
(pdftex.def)             Requested size: 216.81pt x 134.60619pt.
Package epstopdf Info: Source file: <figs/ddp.eps>
(epstopdf)                    date: 2015-04-15 17:07:49
(epstopdf)                    size: 9520 bytes
(epstopdf)             Output file: <figs/ddp-eps-converted-to.pdf>
(epstopdf)                    date: 2015-04-15 17:07:49
(epstopdf)                    size: 6876 bytes
(epstopdf)             Command: <repstopdf --outfile=figs/ddp-eps-converted-to.
pdf figs/ddp.eps>
(epstopdf)             \includegraphics on input line 51.
Package epstopdf Info: Output file is already uptodate.

<figs/ddp-eps-converted-to.pdf, id=198, 241.90375pt x 149.55875pt>
File: figs/ddp-eps-converted-to.pdf Graphic file (type pdf)

<use figs/ddp-eps-converted-to.pdf>
Package pdftex.def Info: figs/ddp-eps-converted-to.pdf used on input line 51.
(pdftex.def)             Requested size: 216.81pt x 134.04936pt.


LaTeX Warning: `!h' float specifier changed to `!ht'.


Underfull \vbox (badness 10000) has occurred while \output is active []

 [10]
Underfull \vbox (badness 10000) has occurred while \output is active []

 [11 <./figs/example-eps-converted-to.pdf> <./figs/conv-eps-converted-to.pdf> <
./figs/ddp-eps-converted-to.pdf>]) (./problems.tex [12] [13] [14]

Package amsmath Warning: Foreign command \atopwithdelims;
(amsmath)                \frac or \genfrac should be used instead
(amsmath)                 on input line 225.

[15] [16]) (./algorithms.tex [17] [18] [19]
Overfull \vbox (105.00267pt too high) has occurred while \output is active []


[20]
Package epstopdf Info: Source file: <figs/edp_demo_files.eps>
(epstopdf)                    date: 2015-04-15 17:07:49
(epstopdf)                    size: 19083 bytes
(epstopdf)             Output file: <figs/edp_demo_files-eps-converted-to.pdf>
(epstopdf)                    date: 2015-04-15 17:13:54
(epstopdf)                    size: 9378 bytes
(epstopdf)             Command: <repstopdf --outfile=figs/edp_demo_files-eps-co
nverted-to.pdf figs/edp_demo_files.eps>
(epstopdf)             \includegraphics on input line 237.
Package epstopdf Info: Output file is already uptodate.

<figs/edp_demo_files-eps-converted-to.pdf, id=267, 344.28625pt x 166.6225pt>
File: figs/edp_demo_files-eps-converted-to.pdf Graphic file (type pdf)

<use figs/edp_demo_files-eps-converted-to.pdf>
Package pdftex.def Info: figs/edp_demo_files-eps-converted-to.pdf used on input
 line 237.
(pdftex.def)             Requested size: 216.81pt x 104.9295pt.
Package epstopdf Info: Source file: <figs/edp_demo_greedy.eps>
(epstopdf)                    date: 2015-04-15 17:07:49
(epstopdf)                    size: 20561 bytes
(epstopdf)             Output file: <figs/edp_demo_greedy-eps-converted-to.pdf>

(epstopdf)                    date: 2015-04-15 17:13:54
(epstopdf)                    size: 10536 bytes
(epstopdf)             Command: <repstopdf --outfile=figs/edp_demo_greedy-eps-c
onverted-to.pdf figs/edp_demo_greedy.eps>
(epstopdf)             \includegraphics on input line 243.
Package epstopdf Info: Output file is already uptodate.

<figs/edp_demo_greedy-eps-converted-to.pdf, id=268, 316.18124pt x 144.54pt>
File: figs/edp_demo_greedy-eps-converted-to.pdf Graphic file (type pdf)

<use figs/edp_demo_greedy-eps-converted-to.pdf>
Package pdftex.def Info: figs/edp_demo_greedy-eps-converted-to.pdf used on inpu
t line 243.
(pdftex.def)             Requested size: 216.81pt x 99.11514pt.
Package epstopdf Info: Source file: <figs/edp_demo_file1.eps>
(epstopdf)                    date: 2015-04-15 17:07:49
(epstopdf)                    size: 22354 bytes
(epstopdf)             Output file: <figs/edp_demo_file1-eps-converted-to.pdf>
(epstopdf)                    date: 2015-04-15 17:13:54
(epstopdf)                    size: 11561 bytes
(epstopdf)             Command: <repstopdf --outfile=figs/edp_demo_file1-eps-co
nverted-to.pdf figs/edp_demo_file1.eps>
(epstopdf)             \includegraphics on input line 249.
Package epstopdf Info: Output file is already uptodate.

<figs/edp_demo_file1-eps-converted-to.pdf, id=269, 316.18124pt x 142.5325pt>
File: figs/edp_demo_file1-eps-converted-to.pdf Graphic file (type pdf)

<use figs/edp_demo_file1-eps-converted-to.pdf>
Package pdftex.def Info: figs/edp_demo_file1-eps-converted-to.pdf used on input
 line 249.
(pdftex.def)             Requested size: 216.81pt x 97.73856pt.
Package epstopdf Info: Source file: <figs/edp_demo_swap.eps>
(epstopdf)                    date: 2015-04-15 17:07:49
(epstopdf)                    size: 22867 bytes
(epstopdf)             Output file: <figs/edp_demo_swap-eps-converted-to.pdf>
(epstopdf)                    date: 2015-04-15 17:13:54
(epstopdf)                    size: 11766 bytes
(epstopdf)             Command: <repstopdf --outfile=figs/edp_demo_swap-eps-con
verted-to.pdf figs/edp_demo_swap.eps>
(epstopdf)             \includegraphics on input line 255.
Package epstopdf Info: Output file is already uptodate.

<figs/edp_demo_swap-eps-converted-to.pdf, id=270, 316.18124pt x 142.5325pt>
File: figs/edp_demo_swap-eps-converted-to.pdf Graphic file (type pdf)

<use figs/edp_demo_swap-eps-converted-to.pdf>
Package pdftex.def Info: figs/edp_demo_swap-eps-converted-to.pdf used on input 
line 255.
(pdftex.def)             Requested size: 216.81pt x 97.73856pt.

Underfull \vbox (badness 10000) has occurred while \output is active []

 [21]
Overfull \vbox (10.49643pt too high) has occurred while \output is active []


[22 <./figs/edp_demo_files-eps-converted-to.pdf> <./figs/edp_demo_greedy-eps-co
nverted-to.pdf> <./figs/edp_demo_file1-eps-converted-to.pdf> <./figs/edp_demo_s
wap-eps-converted-to.pdf>] [23]) (./implementation.tex
Package epstopdf Info: Source file: <figs/system_overview.eps>
(epstopdf)                    date: 2015-04-15 17:07:49
(epstopdf)                    size: 80591 bytes
(epstopdf)             Output file: <figs/system_overview-eps-converted-to.pdf>

(epstopdf)                    date: 2015-04-15 17:13:54
(epstopdf)                    size: 39806 bytes
(epstopdf)             Command: <repstopdf --outfile=figs/system_overview-eps-c
onverted-to.pdf figs/system_overview.eps>
(epstopdf)             \includegraphics on input line 16.
Package epstopdf Info: Output file is already uptodate.

<figs/system_overview-eps-converted-to.pdf, id=289, 779.91376pt x 373.395pt>
File: figs/system_overview-eps-converted-to.pdf Graphic file (type pdf)

<use figs/system_overview-eps-converted-to.pdf>
Package pdftex.def Info: figs/system_overview-eps-converted-to.pdf used on inpu
t line 16.
(pdftex.def)             Requested size: 412.56497pt x 197.52237pt.

Underfull \vbox (badness 10000) has occurred while \output is active []

 [24]
Overfull \hbox (3.75589pt too wide) in paragraph at lines 23--32
[]\OT1/cmr/m/n/14.4 File writes op-er-ate on a per-batch ba-sis (see Sec-tion 3
.2.1[]). Specif-
 []

[25 <./figs/system_overview-eps-converted-to.pdf>]) (./evaluation.tex [26]
[27]
Package epstopdf Info: Source file: <figs/trace_study/fsl_cdf.eps>
(epstopdf)                    date: 2015-04-15 17:07:49
(epstopdf)                    size: 380193 bytes
(epstopdf)             Output file: <figs/trace_study/fsl_cdf-eps-converted-to.
pdf>
(epstopdf)                    date: 2015-04-15 17:14:20
(epstopdf)                    size: 65659 bytes
(epstopdf)             Command: <repstopdf --outfile=figs/trace_study/fsl_cdf-e
ps-converted-to.pdf figs/trace_study/fsl_cdf.eps>
(epstopdf)             \includegraphics on input line 122.
Package epstopdf Info: Output file is already uptodate.

<figs/trace_study/fsl_cdf-eps-converted-to.pdf, id=306, 1300.86pt x 714.67pt>
File: figs/trace_study/fsl_cdf-eps-converted-to.pdf Graphic file (type pdf)

<use figs/trace_study/fsl_cdf-eps-converted-to.pdf>
Package pdftex.def Info: figs/trace_study/fsl_cdf-eps-converted-to.pdf used on 
input line 122.
(pdftex.def)             Requested size: 289.07999pt x 158.8091pt.
Package epstopdf Info: Source file: <figs/trace_study/linux_cdf.eps>
(epstopdf)                    date: 2015-04-15 17:07:49
(epstopdf)                    size: 271471 bytes
(epstopdf)             Output file: <figs/trace_study/linux_cdf-eps-converted-t
o.pdf>
(epstopdf)                    date: 2015-04-15 17:14:20
(epstopdf)                    size: 56961 bytes
(epstopdf)             Command: <repstopdf --outfile=figs/trace_study/linux_cdf
-eps-converted-to.pdf figs/trace_study/linux_cdf.eps>
(epstopdf)             \includegraphics on input line 128.
Package epstopdf Info: Output file is already uptodate.

<figs/trace_study/linux_cdf-eps-converted-to.pdf, id=307, 1300.86pt x 714.67pt>
File: figs/trace_study/linux_cdf-eps-converted-to.pdf Graphic file (type pdf)
<use figs/trace_study/linux_cdf-eps-converted-to.pdf>
Package pdftex.def Info: figs/trace_study/linux_cdf-eps-converted-to.pdf used o
n input line 128.
(pdftex.def)             Requested size: 289.07999pt x 158.8091pt.
Package epstopdf Info: Source file: <figs/trace_study/linuxtar_cdf.eps>
(epstopdf)                    date: 2015-04-15 17:07:49
(epstopdf)                    size: 35367 bytes
(epstopdf)             Output file: <figs/trace_study/linuxtar_cdf-eps-converte
d-to.pdf>
(epstopdf)                    date: 2015-04-15 17:14:20
(epstopdf)                    size: 12432 bytes
(epstopdf)             Command: <repstopdf --outfile=figs/trace_study/linuxtar_
cdf-eps-converted-to.pdf figs/trace_study/linuxtar_cdf.eps>
(epstopdf)             \includegraphics on input line 134.
Package epstopdf Info: Output file is already uptodate.

<figs/trace_study/linuxtar_cdf-eps-converted-to.pdf, id=308, 1300.86pt x 714.67
pt>
File: figs/trace_study/linuxtar_cdf-eps-converted-to.pdf Graphic file (type pdf
)
 <use figs/trace_study/linuxtar_cdf-eps-converted-to.pdf>
Package pdftex.def Info: figs/trace_study/linuxtar_cdf-eps-converted-to.pdf use
d on input line 134.
(pdftex.def)             Requested size: 289.07999pt x 158.8091pt.

Underfull \vbox (badness 10000) has occurred while \output is active []

 [28]
Overfull \vbox (53.06961pt too high) has occurred while \output is active []


[29 <./figs/trace_study/fsl_cdf-eps-converted-to.pdf> <./figs/trace_study/linux
_cdf-eps-converted-to.pdf> <./figs/trace_study/linuxtar_cdf-eps-converted-to.pd
f>]
Package epstopdf Info: Source file: <figs/balance/fsl_read_balance.eps>
(epstopdf)                    date: 2015-04-15 17:07:49
(epstopdf)                    size: 20244 bytes
(epstopdf)             Output file: <figs/balance/fsl_read_balance-eps-converte
d-to.pdf>
(epstopdf)                    date: 2015-04-15 17:14:20
(epstopdf)                    size: 8005 bytes
(epstopdf)             Command: <repstopdf --outfile=figs/balance/fsl_read_bala
nce-eps-converted-to.pdf figs/balance/fsl_read_balance.eps>
(epstopdf)             \includegraphics on input line 207.
Package epstopdf Info: Output file is already uptodate.

<figs/balance/fsl_read_balance-eps-converted-to.pdf, id=330, 1300.86pt x 556.07
75pt>
File: figs/balance/fsl_read_balance-eps-converted-to.pdf Graphic file (type pdf
)
 <use figs/balance/fsl_read_balance-eps-converted-to.pdf>
Package pdftex.def Info: figs/balance/fsl_read_balance-eps-converted-to.pdf use
d on input line 207.
(pdftex.def)             Requested size: 289.07999pt x 123.56775pt.
Package epstopdf Info: Source file: <figs/balance/fsl_degraded_balance.eps>
(epstopdf)                    date: 2015-04-15 17:07:49
(epstopdf)                    size: 20259 bytes
(epstopdf)             Output file: <figs/balance/fsl_degraded_balance-eps-conv
erted-to.pdf>
(epstopdf)                    date: 2015-04-15 17:14:21
(epstopdf)                    size: 8020 bytes
(epstopdf)             Command: <repstopdf --outfile=figs/balance/fsl_degraded_
balance-eps-converted-to.pdf figs/balance/fsl_degraded_balance.eps>
(epstopdf)             \includegraphics on input line 216.
Package epstopdf Info: Output file is already uptodate.

<figs/balance/fsl_degraded_balance-eps-converted-to.pdf, id=331, 1300.86pt x 55
6.0775pt>
File: figs/balance/fsl_degraded_balance-eps-converted-to.pdf Graphic file (type
 pdf)
 <use figs/balance/fsl_degraded_balance-eps-converted-to.pdf>
Package pdftex.def Info: figs/balance/fsl_degraded_balance-eps-converted-to.pdf
 used on input line 216.
(pdftex.def)             Requested size: 289.07999pt x 123.56775pt.

Underfull \vbox (badness 10000) has occurred while \output is active []

 [30]
Underfull \vbox (badness 3439) has occurred while \output is active []

 [31 <./figs/balance/fsl_read_balance-eps-converted-to.pdf> <./figs/balance/fsl
_degraded_balance-eps-converted-to.pdf>]
Package epstopdf Info: Source file: <figs/hete/fsl_hete.eps>
(epstopdf)                    date: 2015-04-15 17:07:49
(epstopdf)                    size: 20255 bytes
(epstopdf)             Output file: <figs/hete/fsl_hete-eps-converted-to.pdf>
(epstopdf)                    date: 2015-04-15 17:14:21
(epstopdf)                    size: 9414 bytes
(epstopdf)             Command: <repstopdf --outfile=figs/hete/fsl_hete-eps-con
verted-to.pdf figs/hete/fsl_hete.eps>
(epstopdf)             \includegraphics on input line 282.
Package epstopdf Info: Output file is already uptodate.

<figs/hete/fsl_hete-eps-converted-to.pdf, id=348, 1300.86pt x 635.37375pt>
File: figs/hete/fsl_hete-eps-converted-to.pdf Graphic file (type pdf)

<use figs/hete/fsl_hete-eps-converted-to.pdf>
Package pdftex.def Info: figs/hete/fsl_hete-eps-converted-to.pdf used on input 
line 282.
(pdftex.def)             Requested size: 289.07999pt x 141.18843pt.
Package epstopdf Info: Source file: <figs/hete/hete.eps>
(epstopdf)                    date: 2015-04-15 17:07:49
(epstopdf)                    size: 20247 bytes
(epstopdf)             Output file: <figs/hete/hete-eps-converted-to.pdf>
(epstopdf)                    date: 2015-04-15 17:14:21
(epstopdf)                    size: 9350 bytes
(epstopdf)             Command: <repstopdf --outfile=figs/hete/hete-eps-convert
ed-to.pdf figs/hete/hete.eps>
(epstopdf)             \includegraphics on input line 288.
Package epstopdf Info: Output file is already uptodate.

<figs/hete/hete-eps-converted-to.pdf, id=349, 1300.86pt x 635.37375pt>
File: figs/hete/hete-eps-converted-to.pdf Graphic file (type pdf)

<use figs/hete/hete-eps-converted-to.pdf>
Package pdftex.def Info: figs/hete/hete-eps-converted-to.pdf used on input line
 288.
(pdftex.def)             Requested size: 289.07999pt x 141.18843pt.
Package epstopdf Info: Source file: <figs/hete/linuxtar_hete.eps>
(epstopdf)                    date: 2015-04-15 17:07:49
(epstopdf)                    size: 19981 bytes
(epstopdf)             Output file: <figs/hete/linuxtar_hete-eps-converted-to.p
df>
(epstopdf)                    date: 2015-04-15 17:14:21
(epstopdf)                    size: 8474 bytes
(epstopdf)             Command: <repstopdf --outfile=figs/hete/linuxtar_hete-ep
s-converted-to.pdf figs/hete/linuxtar_hete.eps>
(epstopdf)             \includegraphics on input line 294.
Package epstopdf Info: Output file is already uptodate.

<figs/hete/linuxtar_hete-eps-converted-to.pdf, id=350, 1300.86pt x 635.37375pt>
File: figs/hete/linuxtar_hete-eps-converted-to.pdf Graphic file (type pdf)
<use figs/hete/linuxtar_hete-eps-converted-to.pdf>
Package pdftex.def Info: figs/hete/linuxtar_hete-eps-converted-to.pdf used on i
nput line 294.
(pdftex.def)             Requested size: 289.07999pt x 141.18843pt.


LaTeX Warning: `h' float specifier changed to `ht'.

[32] [33]
Package epstopdf Info: Source file: <figs/testbed/testbed_linux.eps>
(epstopdf)                    date: 2015-04-15 17:07:49
(epstopdf)                    size: 23217 bytes
(epstopdf)             Output file: <figs/testbed/testbed_linux-eps-converted-t
o.pdf>
(epstopdf)                    date: 2015-04-15 17:14:21
(epstopdf)                    size: 7989 bytes
(epstopdf)             Command: <repstopdf --outfile=figs/testbed/testbed_linux
-eps-converted-to.pdf figs/testbed/testbed_linux.eps>
(epstopdf)             \includegraphics on input line 444.
Package epstopdf Info: Output file is already uptodate.

<figs/testbed/testbed_linux-eps-converted-to.pdf, id=358, 1300.86pt x 556.0775p
t>
File: figs/testbed/testbed_linux-eps-converted-to.pdf Graphic file (type pdf)
 <use figs/testbed/testbed_linux-eps-converted-to.pdf>
Package pdftex.def Info: figs/testbed/testbed_linux-eps-converted-to.pdf used o
n input line 444.
(pdftex.def)             Requested size: 289.07999pt x 123.56775pt.
Package epstopdf Info: Source file: <figs/review/testbed/testbed_linux.eps>
(epstopdf)                    date: 2015-04-15 17:07:49
(epstopdf)                    size: 23217 bytes
(epstopdf)             Output file: <figs/review/testbed/testbed_linux-eps-conv
erted-to.pdf>
(epstopdf)                    date: 2015-04-15 17:14:22
(epstopdf)                    size: 7988 bytes
(epstopdf)             Command: <repstopdf --outfile=figs/review/testbed/testbe
d_linux-eps-converted-to.pdf figs/review/testbed/testbed_linux.eps>
(epstopdf)             \includegraphics on input line 450.
Package epstopdf Info: Output file is already uptodate.

<figs/review/testbed/testbed_linux-eps-converted-to.pdf, id=359, 1300.86pt x 55
6.0775pt>
File: figs/review/testbed/testbed_linux-eps-converted-to.pdf Graphic file (type
 pdf)
 <use figs/review/testbed/testbed_linux-eps-converted-to.pdf>
Package pdftex.def Info: figs/review/testbed/testbed_linux-eps-converted-to.pdf
 used on input line 450.
(pdftex.def)             Requested size: 289.07999pt x 123.56775pt.
Package epstopdf Info: Source file: <figs/hete/testbed_hete.eps>
(epstopdf)                    date: 2015-04-15 17:07:49
(epstopdf)                    size: 24953 bytes
(epstopdf)             Output file: <figs/hete/testbed_hete-eps-converted-to.pd
f>
(epstopdf)                    date: 2015-04-15 17:14:22
(epstopdf)                    size: 14027 bytes
(epstopdf)             Command: <repstopdf --outfile=figs/hete/testbed_hete-eps
-converted-to.pdf figs/hete/testbed_hete.eps>
(epstopdf)             \includegraphics on input line 456.
Package epstopdf Info: Output file is already uptodate.

<figs/hete/testbed_hete-eps-converted-to.pdf, id=360, 1300.86pt x 556.0775pt>
File: figs/hete/testbed_hete-eps-converted-to.pdf Graphic file (type pdf)

<use figs/hete/testbed_hete-eps-converted-to.pdf>
Package pdftex.def Info: figs/hete/testbed_hete-eps-converted-to.pdf used on in
put line 456.
(pdftex.def)             Requested size: 289.07999pt x 123.56775pt.
Package epstopdf Info: Source file: <figs/review/testbed/testbed_linux_hete.eps
>
(epstopdf)                    date: 2015-04-15 17:07:49
(epstopdf)                    size: 25095 bytes
(epstopdf)             Output file: <figs/review/testbed/testbed_linux_hete-eps
-converted-to.pdf>
(epstopdf)                    date: 2015-04-15 17:14:22
(epstopdf)                    size: 14997 bytes
(epstopdf)             Command: <repstopdf --outfile=figs/review/testbed/testbe
d_linux_hete-eps-converted-to.pdf figs/review/testbed/testbed_linux_hete.eps>
(epstopdf)             \includegraphics on input line 462.
Package epstopdf Info: Output file is already uptodate.

<figs/review/testbed/testbed_linux_hete-eps-converted-to.pdf, id=361, 1300.86pt
 x 556.0775pt>
File: figs/review/testbed/testbed_linux_hete-eps-converted-to.pdf Graphic file 
(type pdf)

<use figs/review/testbed/testbed_linux_hete-eps-converted-to.pdf>
Package pdftex.def Info: figs/review/testbed/testbed_linux_hete-eps-converted-t
o.pdf used on input line 462.
(pdftex.def)             Requested size: 289.07999pt x 123.56775pt.

Underfull \vbox (badness 10000) has occurred while \output is active []

 [34]
Overfull \vbox (47.56331pt too high) has occurred while \output is active []


[35 <./figs/testbed/testbed_linux-eps-converted-to.pdf> <./figs/review/testbed/
testbed_linux-eps-converted-to.pdf> <./figs/hete/testbed_hete-eps-converted-to.
pdf> <./figs/review/testbed/testbed_linux_hete-eps-converted-to.pdf>]
Package epstopdf Info: Source file: <figs/testbed/testbed_linux_latency.eps>
(epstopdf)                    date: 2015-04-15 17:07:49
(epstopdf)                    size: 24640 bytes
(epstopdf)             Output file: <figs/testbed/testbed_linux_latency-eps-con
verted-to.pdf>
(epstopdf)                    date: 2015-04-15 17:14:22
(epstopdf)                    size: 8253 bytes
(epstopdf)             Command: <repstopdf --outfile=figs/testbed/testbed_linux
_latency-eps-converted-to.pdf figs/testbed/testbed_linux_latency.eps>
(epstopdf)             \includegraphics on input line 472.
Package epstopdf Info: Output file is already uptodate.

<figs/testbed/testbed_linux_latency-eps-converted-to.pdf, id=388, 910.40125pt x
 476.78125pt>
File: figs/testbed/testbed_linux_latency-eps-converted-to.pdf Graphic file (typ
e pdf)
 <use figs/testbed/testbed_linux_latency-eps-converted-to.pdf>
Package pdftex.def Info: figs/testbed/testbed_linux_latency-eps-converted-to.pd
f used on input line 472.
(pdftex.def)             Requested size: 289.07999pt x 151.39455pt.
Package epstopdf Info: Source file: <figs/testbed/testbed_linux_hete_latency.ep
s>
(epstopdf)                    date: 2015-04-15 17:07:49
(epstopdf)                    size: 26980 bytes
(epstopdf)             Output file: <figs/testbed/testbed_linux_hete_latency-ep
s-converted-to.pdf>
(epstopdf)                    date: 2015-04-15 17:14:23
(epstopdf)                    size: 9100 bytes
(epstopdf)             Command: <repstopdf --outfile=figs/testbed/testbed_linux
_hete_latency-eps-converted-to.pdf figs/testbed/testbed_linux_hete_latency.eps>

(epstopdf)             \includegraphics on input line 478.
Package epstopdf Info: Output file is already uptodate.

<figs/testbed/testbed_linux_hete_latency-eps-converted-to.pdf, id=389, 910.4012
5pt x 476.78125pt>
File: figs/testbed/testbed_linux_hete_latency-eps-converted-to.pdf Graphic file
 (type pdf)

<use figs/testbed/testbed_linux_hete_latency-eps-converted-to.pdf>
Package pdftex.def Info: figs/testbed/testbed_linux_hete_latency-eps-converted-
to.pdf used on input line 478.
(pdftex.def)             Requested size: 289.07999pt x 151.39455pt.
Package epstopdf Info: Source file: <figs/review/testbed/linuxtar_hete_latency.
eps>
(epstopdf)                    date: 2015-04-15 17:07:49
(epstopdf)                    size: 44028 bytes
(epstopdf)             Output file: <figs/review/testbed/linuxtar_hete_latency-
eps-converted-to.pdf>
(epstopdf)                    date: 2015-04-15 17:14:23
(epstopdf)                    size: 15914 bytes
(epstopdf)             Command: <repstopdf --outfile=figs/review/testbed/linuxt
ar_hete_latency-eps-converted-to.pdf figs/review/testbed/linuxtar_hete_latency.
eps>
(epstopdf)             \includegraphics on input line 485.
Package epstopdf Info: Output file is already uptodate.

<figs/review/testbed/linuxtar_hete_latency-eps-converted-to.pdf, id=390, 910.40
125pt x 476.78125pt>
File: figs/review/testbed/linuxtar_hete_latency-eps-converted-to.pdf Graphic fi
le (type pdf)

<use figs/review/testbed/linuxtar_hete_latency-eps-converted-to.pdf>
Package pdftex.def Info: figs/review/testbed/linuxtar_hete_latency-eps-converte
d-to.pdf used on input line 485.
(pdftex.def)             Requested size: 289.07999pt x 151.39455pt.

Overfull \vbox (27.92603pt too high) has occurred while \output is active []


[36 <./figs/testbed/testbed_linux_latency-eps-converted-to.pdf> <./figs/testbed
/testbed_linux_hete_latency-eps-converted-to.pdf> <./figs/review/testbed/linuxt
ar_hete_latency-eps-converted-to.pdf>] [37] [38]
Package epstopdf Info: Source file: <figs/overhead/file_num.eps>
(epstopdf)                    date: 2015-04-15 17:07:49
(epstopdf)                    size: 21414 bytes
(epstopdf)             Output file: <figs/overhead/file_num-eps-converted-to.pd
f>
(epstopdf)                    date: 2015-04-15 17:14:23
(epstopdf)                    size: 7539 bytes
(epstopdf)             Command: <repstopdf --outfile=figs/overhead/file_num-eps
-converted-to.pdf figs/overhead/file_num.eps>
(epstopdf)             \includegraphics on input line 607.
Package epstopdf Info: Output file is already uptodate.

<figs/overhead/file_num-eps-converted-to.pdf, id=417, 1300.86pt x 476.78125pt>
File: figs/overhead/file_num-eps-converted-to.pdf Graphic file (type pdf)

<use figs/overhead/file_num-eps-converted-to.pdf>
Package pdftex.def Info: figs/overhead/file_num-eps-converted-to.pdf used on in
put line 607.
(pdftex.def)             Requested size: 289.07999pt x 105.94708pt.
) (./conclusions.tex [39 <./figs/overhead/file_num-eps-converted-to.pdf>] [40 <
./figs/hete/fsl_hete-eps-converted-to.pdf> <./figs/hete/hete-eps-converted-to.p
df> <./figs/hete/linuxtar_hete-eps-converted-to.pdf>]
Chapter 4.
) [41

] (./thesis.bbl
Underfull \hbox (badness 10000) in paragraph at lines 8--11
[]\OT1/cmr/m/n/14.4 Rackspace Cloud Backup De-vel-oper Guide.  $\OT1/cmtt/m/n/1
4.4 http :
 []


Underfull \hbox (badness 10000) in paragraph at lines 8--11
\OT1/cmtt/m/n/14.4 / / docs . rackspace . com / rcbu / api / v1 . 0 / rcbu-[]de
vguide /
 []


Underfull \hbox (badness 2460) in paragraph at lines 13--16
[]\OT1/cmr/m/n/14.4 Symantec Net-Backup 7.5.  $\OT1/cmtt/m/n/14.4 http : / / ev
al . symantec . com /
 []


Underfull \hbox (badness 10000) in paragraph at lines 13--16
\OT1/cmtt/m/n/14.4 mktginfo / enterprise / fact _ sheets / b-[]symc _ netbackup
 _ 7 .
 []


Underfull \hbox (badness 2020) in paragraph at lines 18--21
\OT1/cmr/m/n/14.4 vices.  $\OT1/cmtt/m/n/14.4 https : / / www . hpcloud . com /
 sites / default / files /
 []

[42

]
Underfull \hbox (badness 6625) in paragraph at lines 51--54
[]\OT1/cmr/m/n/14.4 FAL Labs.  Ky-oto cab-i-net.  $\OT1/cmtt/m/n/14.4 http : / 
/ fallabs . com /
 []

[43] [44] [45]) [46] (./thesis.aux) ) 
Here is how much of TeX's memory you used:
 8524 strings out of 495049
 119464 string characters out of 3181740
 185052 words of memory out of 3000000
 11273 multiletter control sequences out of 15000+200000
 39544 words of font info for 149 fonts, out of 3000000 for 9000
 14 hyphenation exceptions out of 8191
 53i,16n,92p,1623b,905s stack positions out of 5000i,500n,10000p,200000b,50000s
</usr/share/texmf/fonts/type1/arphic/bkaiu
/bkaiu30.pfb></usr/share/texmf/fonts/type1/arphic/bkaiu/bkaiu4e.pfb></usr/share
/texmf/fonts/type1/arphic/bkaiu/bkaiu4f.pfb></usr/share/texmf/fonts/type1/arphi
c/bkaiu/bkaiu50.pfb></usr/share/texmf/fonts/type1/arphic/bkaiu/bkaiu51.pfb></us
r/share/texmf/fonts/type1/arphic/bkaiu/bkaiu52.pfb></usr/share/texmf/fonts/type
1/arphic/bkaiu/bkaiu53.pfb></usr/share/texmf/fonts/type1/arphic/bkaiu/bkaiu54.p
fb></usr/share/texmf/fonts/type1/arphic/bkaiu/bkaiu55.pfb></usr/share/texmf/fon
ts/type1/arphic/bkaiu/bkaiu56.pfb></usr/share/texmf/fonts/type1/arphic/bkaiu/bk
aiu57.pfb></usr/share/texmf/fonts/type1/arphic/bkaiu/bkaiu58.pfb></usr/share/te
xmf/fonts/type1/arphic/bkaiu/bkaiu59.pfb></usr/share/texmf/fonts/type1/arphic/b
kaiu/bkaiu5b.pfb></usr/share/texmf/fonts/type1/arphic/bkaiu/bkaiu5c.pfb></usr/s
hare/texmf/fonts/type1/arphic/bkaiu/bkaiu5d.pfb></usr/share/texmf/fonts/type1/a
rphic/bkaiu/bkaiu5e.pfb></usr/share/texmf/fonts/type1/arphic/bkaiu/bkaiu5f.pfb>
</usr/share/texmf/fonts/type1/arphic/bkaiu/bkaiu60.pfb></usr/share/texmf/fonts/
type1/arphic/bkaiu/bkaiu61.pfb></usr/share/texmf/fonts/type1/arphic/bkaiu/bkaiu
62.pfb></usr/share/texmf/fonts/type1/arphic/bkaiu/bkaiu63.pfb></usr/share/texmf
/fonts/type1/arphic/bkaiu/bkaiu64.pfb></usr/share/texmf/fonts/type1/arphic/bkai
u/bkaiu65.pfb></usr/share/texmf/fonts/type1/arphic/bkaiu/bkaiu66.pfb></usr/shar
e/texmf/fonts/type1/arphic/bkaiu/bkaiu67.pfb></usr/share/texmf/fonts/type1/arph
ic/bkaiu/bkaiu68.pfb></usr/share/texmf/fonts/type1/arphic/bkaiu/bkaiu69.pfb></u
sr/share/texmf/fonts/type1/arphic/bkaiu/bkaiu6a.pfb></usr/share/texmf/fonts/typ
e1/arphic/bkaiu/bkaiu6b.pfb></usr/share/texmf/fonts/type1/arphic/bkaiu/bkaiu6c.
pfb></usr/share/texmf/fonts/type1/arphic/bkaiu/bkaiu6d.pfb></usr/share/texmf/fo
nts/type1/arphic/bkaiu/bkaiu6e.pfb></usr/share/texmf/fonts/type1/arphic/bkaiu/b
kaiu70.pfb></usr/share/texmf/fonts/type1/arphic/bkaiu/bkaiu72.pfb></usr/share/t
exmf/fonts/type1/arphic/bkaiu/bkaiu73.pfb></usr/share/texmf/fonts/type1/arphic/
bkaiu/bkaiu75.pfb></usr/share/texmf/fonts/type1/arphic/bkaiu/bkaiu76.pfb></usr/
share/texmf/fonts/type1/arphic/bkaiu/bkaiu77.pfb></usr/share/texmf/fonts/type1/
arphic/bkaiu/bkaiu78.pfb></usr/share/texmf/fonts/type1/arphic/bkaiu/bkaiu79.pfb
></usr/share/texmf/fonts/type1/arphic/bkaiu/bkaiu7a.pfb></usr/share/texmf/fonts
/type1/arphic/bkaiu/bkaiu7b.pfb></usr/share/texmf/fonts/type1/arphic/bkaiu/bkai
u7c.pfb></usr/share/texmf/fonts/type1/arphic/bkaiu/bkaiu7d.pfb></usr/share/texm
f/fonts/type1/arphic/bkaiu/bkaiu7f.pfb></usr/share/texmf/fonts/type1/arphic/bka
iu/bkaiu80.pfb></usr/share/texmf/fonts/type1/arphic/bkaiu/bkaiu82.pfb></usr/sha
re/texmf/fonts/type1/arphic/bkaiu/bkaiu88.pfb></usr/share/texmf/fonts/type1/arp
hic/bkaiu/bkaiu89.pfb></usr/share/texmf/fonts/type1/arphic/bkaiu/bkaiu8a.pfb></
usr/share/texmf/fonts/type1/arphic/bkaiu/bkaiu8f.pfb></usr/share/texmf/fonts/ty
pe1/arphic/bkaiu/bkaiu90.pfb></usr/share/texmf/fonts/type1/arphic/bkaiu/bkaiu91
.pfb></usr/share/texmf/fonts/type1/arphic/bkaiu/bkaiu93.pfb></usr/share/texmf/f
onts/type1/arphic/bkaiu/bkaiu95.pfb></usr/share/texmf/fonts/type1/arphic/bkaiu/
bkaiu96.pfb></usr/share/texmf/fonts/type1/arphic/bkaiu/bkaiu97.pfb></usr/share/
texmf/fonts/type1/arphic/bkaiu/bkaiu98.pfb></usr/share/texmf/fonts/type1/arphic
/bkaiu/bkaiu99.pfb></usr/share/texmf/fonts/type1/arphic/bkaiu/bkaiu9a.pfb></usr
/share/texlive/texmf-dist/fonts/type1/public/amsfonts/cm/cmbx10.pfb></usr/share
/texlive/texmf-dist/fonts/type1/public/amsfonts/cm/cmbx12.pfb></usr/share/texli
ve/texmf-dist/fonts/type1/public/amsfonts/cm/cmcsc10.pfb></usr/share/texlive/te
xmf-dist/fonts/type1/public/amsfonts/cm/cmex10.pfb></usr/share/texlive/texmf-di
st/fonts/type1/public/amsfonts/cm/cmmi10.pfb></usr/share/texlive/texmf-dist/fon
ts/type1/public/amsfonts/cm/cmmi12.pfb></usr/share/texlive/texmf-dist/fonts/typ
e1/public/amsfonts/cm/cmmi6.pfb></usr/share/texlive/texmf-dist/fonts/type1/publ
ic/amsfonts/cm/cmmi7.pfb></usr/share/texlive/texmf-dist/fonts/type1/public/amsf
onts/cm/cmmi8.pfb></usr/share/texlive/texmf-dist/fonts/type1/public/amsfonts/cm
/cmr10.pfb></usr/share/texlive/texmf-dist/fonts/type1/public/amsfonts/cm/cmr12.
pfb></usr/share/texlive/texmf-dist/fonts/type1/public/amsfonts/cm/cmr17.pfb></u
sr/share/texlive/texmf-dist/fonts/type1/public/amsfonts/cm/cmr7.pfb></usr/share
/texlive/texmf-dist/fonts/type1/public/amsfonts/cm/cmr8.pfb></usr/share/texlive
/texmf-dist/fonts/type1/public/amsfonts/cm/cmsl12.pfb></usr/share/texlive/texmf
-dist/fonts/type1/public/amsfonts/cm/cmsy10.pfb></usr/share/texlive/texmf-dist/
fonts/type1/public/amsfonts/cm/cmsy6.pfb></usr/share/texlive/texmf-dist/fonts/t
ype1/public/amsfonts/cm/cmsy7.pfb></usr/share/texlive/texmf-dist/fonts/type1/pu
blic/amsfonts/cm/cmsy8.pfb></usr/share/texlive/texmf-dist/fonts/type1/public/am
sfonts/cm/cmti12.pfb></usr/share/texlive/texmf-dist/fonts/type1/public/amsfonts
/cm/cmtt12.pfb>
Output written on thesis.pdf (57 pages, 889330 bytes).
PDF statistics:
 717 PDF objects out of 1000 (max. 8388607)
 464 compressed objects within 5 object streams
 0 named destinations out of 1000 (max. 500000)
 369 words of extra memory for PDF output out of 10000 (max. 10000000)

